2020-08-24 07:56:25.755 [main] DEBUG io.netty.util.internal.logging.InternalLoggerFactory - Using Log4J2 as the default logging framework
2020-08-24 07:56:25.763 [main] DEBUG io.netty.channel.MultithreadEventLoopGroup - -Dio.netty.eventLoopThreads: 32
2020-08-24 07:56:25.782 [main] DEBUG io.netty.util.internal.InternalThreadLocalMap - -Dio.netty.threadLocalMap.stringBuilder.initialSize: 1024
2020-08-24 07:56:25.783 [main] DEBUG io.netty.util.internal.InternalThreadLocalMap - -Dio.netty.threadLocalMap.stringBuilder.maxSize: 4096
2020-08-24 07:56:25.791 [main] DEBUG io.netty.channel.nio.NioEventLoop - -Dio.netty.noKeySetOptimization: false
2020-08-24 07:56:25.791 [main] DEBUG io.netty.channel.nio.NioEventLoop - -Dio.netty.selectorAutoRebuildThreshold: 512
2020-08-24 07:56:25.811 [main] DEBUG io.netty.util.internal.PlatformDependent - Platform: Windows
2020-08-24 07:56:25.813 [main] DEBUG io.netty.util.internal.PlatformDependent0 - -Dio.netty.noUnsafe: false
2020-08-24 07:56:25.813 [main] DEBUG io.netty.util.internal.PlatformDependent0 - Java version: 8
2020-08-24 07:56:25.814 [main] DEBUG io.netty.util.internal.PlatformDependent0 - sun.misc.Unsafe.theUnsafe: available
2020-08-24 07:56:25.815 [main] DEBUG io.netty.util.internal.PlatformDependent0 - sun.misc.Unsafe.copyMemory: available
2020-08-24 07:56:25.816 [main] DEBUG io.netty.util.internal.PlatformDependent0 - java.nio.Buffer.address: available
2020-08-24 07:56:25.816 [main] DEBUG io.netty.util.internal.PlatformDependent0 - direct buffer constructor: available
2020-08-24 07:56:25.817 [main] DEBUG io.netty.util.internal.PlatformDependent0 - java.nio.Bits.unaligned: available, true
2020-08-24 07:56:25.817 [main] DEBUG io.netty.util.internal.PlatformDependent0 - jdk.internal.misc.Unsafe.allocateUninitializedArray(int): unavailable prior to Java9
2020-08-24 07:56:25.817 [main] DEBUG io.netty.util.internal.PlatformDependent0 - java.nio.DirectByteBuffer.<init>(long, int): available
2020-08-24 07:56:25.818 [main] DEBUG io.netty.util.internal.PlatformDependent - sun.misc.Unsafe: available
2020-08-24 07:56:25.818 [main] DEBUG io.netty.util.internal.PlatformDependent - -Dio.netty.tmpdir: C:\Users\Akira\AppData\Local\Temp (java.io.tmpdir)
2020-08-24 07:56:25.818 [main] DEBUG io.netty.util.internal.PlatformDependent - -Dio.netty.bitMode: 64 (sun.arch.data.model)
2020-08-24 07:56:25.820 [main] DEBUG io.netty.util.internal.PlatformDependent - -Dio.netty.maxDirectMemory: 7616856064 bytes
2020-08-24 07:56:25.820 [main] DEBUG io.netty.util.internal.PlatformDependent - -Dio.netty.uninitializedArrayAllocationThreshold: -1
2020-08-24 07:56:25.821 [main] DEBUG io.netty.util.internal.CleanerJava6 - java.nio.ByteBuffer.cleaner(): available
2020-08-24 07:56:25.821 [main] DEBUG io.netty.util.internal.PlatformDependent - -Dio.netty.noPreferDirect: false
2020-08-24 07:56:25.831 [main] DEBUG io.netty.util.internal.PlatformDependent - org.jctools-core.MpscChunkedArrayQueue: available
2020-08-24 07:56:26.077 [main] INFO  com.geekbrains.krilov.serverNetty.AuthService.BaseAuthService - UserData successfully connected
2020-08-24 07:56:26.077 [main] INFO  com.geekbrains.krilov.serverNetty.AuthService.BaseAuthService - Auth service started
2020-08-24 07:56:26.098 [main] DEBUG io.netty.channel.DefaultChannelId - -Dio.netty.processId: 16668 (auto-detected)
2020-08-24 07:56:26.100 [main] DEBUG io.netty.util.NetUtil - -Djava.net.preferIPv4Stack: false
2020-08-24 07:56:26.101 [main] DEBUG io.netty.util.NetUtil - -Djava.net.preferIPv6Addresses: false
2020-08-24 07:56:26.169 [main] DEBUG io.netty.util.NetUtil - Loopback interface: lo (Software Loopback Interface 1, 127.0.0.1)
2020-08-24 07:56:26.171 [main] DEBUG io.netty.util.NetUtil - Failed to get SOMAXCONN from sysctl and file \proc\sys\net\core\somaxconn. Default: 200
2020-08-24 07:56:26.240 [main] DEBUG io.netty.channel.DefaultChannelId - -Dio.netty.machineId: 8c:82:b9:ff:fe:95:0b:42 (auto-detected)
2020-08-24 07:56:26.254 [main] DEBUG io.netty.util.ResourceLeakDetector - -Dio.netty.leakDetection.level: simple
2020-08-24 07:56:26.254 [main] DEBUG io.netty.util.ResourceLeakDetector - -Dio.netty.leakDetection.targetRecords: 4
2020-08-24 07:56:26.283 [main] DEBUG io.netty.buffer.PooledByteBufAllocator - -Dio.netty.allocator.numHeapArenas: 32
2020-08-24 07:56:26.283 [main] DEBUG io.netty.buffer.PooledByteBufAllocator - -Dio.netty.allocator.numDirectArenas: 32
2020-08-24 07:56:26.283 [main] DEBUG io.netty.buffer.PooledByteBufAllocator - -Dio.netty.allocator.pageSize: 8192
2020-08-24 07:56:26.283 [main] DEBUG io.netty.buffer.PooledByteBufAllocator - -Dio.netty.allocator.maxOrder: 11
2020-08-24 07:56:26.284 [main] DEBUG io.netty.buffer.PooledByteBufAllocator - -Dio.netty.allocator.chunkSize: 16777216
2020-08-24 07:56:26.284 [main] DEBUG io.netty.buffer.PooledByteBufAllocator - -Dio.netty.allocator.tinyCacheSize: 512
2020-08-24 07:56:26.284 [main] DEBUG io.netty.buffer.PooledByteBufAllocator - -Dio.netty.allocator.smallCacheSize: 256
2020-08-24 07:56:26.284 [main] DEBUG io.netty.buffer.PooledByteBufAllocator - -Dio.netty.allocator.normalCacheSize: 64
2020-08-24 07:56:26.284 [main] DEBUG io.netty.buffer.PooledByteBufAllocator - -Dio.netty.allocator.maxCachedBufferCapacity: 32768
2020-08-24 07:56:26.284 [main] DEBUG io.netty.buffer.PooledByteBufAllocator - -Dio.netty.allocator.cacheTrimInterval: 8192
2020-08-24 07:56:26.285 [main] DEBUG io.netty.buffer.PooledByteBufAllocator - -Dio.netty.allocator.cacheTrimIntervalMillis: 0
2020-08-24 07:56:26.285 [main] DEBUG io.netty.buffer.PooledByteBufAllocator - -Dio.netty.allocator.useCacheForAllThreads: true
2020-08-24 07:56:26.285 [main] DEBUG io.netty.buffer.PooledByteBufAllocator - -Dio.netty.allocator.maxCachedByteBuffersPerChunk: 1023
2020-08-24 07:56:26.295 [main] DEBUG io.netty.buffer.ByteBufUtil - -Dio.netty.allocator.type: pooled
2020-08-24 07:56:26.295 [main] DEBUG io.netty.buffer.ByteBufUtil - -Dio.netty.threadLocalDirectBufferSize: 0
2020-08-24 07:56:26.295 [main] DEBUG io.netty.buffer.ByteBufUtil - -Dio.netty.maxThreadLocalCharBufferSize: 16384
2020-08-24 07:59:03.257 [nioEventLoopGroup-3-1] DEBUG io.netty.util.Recycler - -Dio.netty.recycler.maxCapacityPerThread: 4096
2020-08-24 07:59:03.258 [nioEventLoopGroup-3-1] DEBUG io.netty.util.Recycler - -Dio.netty.recycler.maxSharedCapacityFactor: 2
2020-08-24 07:59:03.258 [nioEventLoopGroup-3-1] DEBUG io.netty.util.Recycler - -Dio.netty.recycler.linkCapacity: 16
2020-08-24 07:59:03.258 [nioEventLoopGroup-3-1] DEBUG io.netty.util.Recycler - -Dio.netty.recycler.ratio: 8
2020-08-24 07:59:03.268 [nioEventLoopGroup-3-1] DEBUG io.netty.buffer.AbstractByteBuf - -Dio.netty.buffer.checkAccessible: true
2020-08-24 07:59:03.268 [nioEventLoopGroup-3-1] DEBUG io.netty.buffer.AbstractByteBuf - -Dio.netty.buffer.checkBounds: true
2020-08-24 07:59:03.269 [nioEventLoopGroup-3-1] DEBUG io.netty.util.ResourceLeakDetectorFactory - Loaded default ResourceLeakDetector: io.netty.util.ResourceLeakDetector@14fe65f1
2020-08-24 07:59:03.274 [nioEventLoopGroup-3-1] WARN  io.netty.channel.DefaultChannelPipeline - An exceptionCaught() event was fired, and it reached at the tail of the pipeline. It usually means the last handler in the pipeline did not handle the exception.
java.io.IOException: Удаленный хост принудительно разорвал существующее подключение
	at sun.nio.ch.SocketDispatcher.read0(Native Method) ~[?:1.8.0_241]
	at sun.nio.ch.SocketDispatcher.read(SocketDispatcher.java:43) ~[?:1.8.0_241]
	at sun.nio.ch.IOUtil.readIntoNativeBuffer(IOUtil.java:223) ~[?:1.8.0_241]
	at sun.nio.ch.IOUtil.read(IOUtil.java:192) ~[?:1.8.0_241]
	at sun.nio.ch.SocketChannelImpl.read(SocketChannelImpl.java:380) ~[?:1.8.0_241]
	at io.netty.buffer.PooledByteBuf.setBytes(PooledByteBuf.java:247) ~[netty-all-4.1.42.Final.jar:4.1.42.Final]
	at io.netty.buffer.AbstractByteBuf.writeBytes(AbstractByteBuf.java:1147) ~[netty-all-4.1.42.Final.jar:4.1.42.Final]
	at io.netty.channel.socket.nio.NioSocketChannel.doReadBytes(NioSocketChannel.java:347) ~[netty-all-4.1.42.Final.jar:4.1.42.Final]
	at io.netty.channel.nio.AbstractNioByteChannel$NioByteUnsafe.read(AbstractNioByteChannel.java:148) [netty-all-4.1.42.Final.jar:4.1.42.Final]
	at io.netty.channel.nio.NioEventLoop.processSelectedKey(NioEventLoop.java:700) [netty-all-4.1.42.Final.jar:4.1.42.Final]
	at io.netty.channel.nio.NioEventLoop.processSelectedKeysOptimized(NioEventLoop.java:635) [netty-all-4.1.42.Final.jar:4.1.42.Final]
	at io.netty.channel.nio.NioEventLoop.processSelectedKeys(NioEventLoop.java:552) [netty-all-4.1.42.Final.jar:4.1.42.Final]
	at io.netty.channel.nio.NioEventLoop.run(NioEventLoop.java:514) [netty-all-4.1.42.Final.jar:4.1.42.Final]
	at io.netty.util.concurrent.SingleThreadEventExecutor$6.run(SingleThreadEventExecutor.java:1044) [netty-all-4.1.42.Final.jar:4.1.42.Final]
	at io.netty.util.internal.ThreadExecutorMap$2.run(ThreadExecutorMap.java:74) [netty-all-4.1.42.Final.jar:4.1.42.Final]
	at io.netty.util.concurrent.FastThreadLocalRunnable.run(FastThreadLocalRunnable.java:30) [netty-all-4.1.42.Final.jar:4.1.42.Final]
	at java.lang.Thread.run(Thread.java:748) [?:1.8.0_241]
2020-08-24 07:59:39.037 [nioEventLoopGroup-3-2] WARN  io.netty.channel.DefaultChannelPipeline - An exceptionCaught() event was fired, and it reached at the tail of the pipeline. It usually means the last handler in the pipeline did not handle the exception.
java.io.IOException: Удаленный хост принудительно разорвал существующее подключение
	at sun.nio.ch.SocketDispatcher.read0(Native Method) ~[?:1.8.0_241]
	at sun.nio.ch.SocketDispatcher.read(SocketDispatcher.java:43) ~[?:1.8.0_241]
	at sun.nio.ch.IOUtil.readIntoNativeBuffer(IOUtil.java:223) ~[?:1.8.0_241]
	at sun.nio.ch.IOUtil.read(IOUtil.java:192) ~[?:1.8.0_241]
	at sun.nio.ch.SocketChannelImpl.read(SocketChannelImpl.java:380) ~[?:1.8.0_241]
	at io.netty.buffer.PooledByteBuf.setBytes(PooledByteBuf.java:247) ~[netty-all-4.1.42.Final.jar:4.1.42.Final]
	at io.netty.buffer.AbstractByteBuf.writeBytes(AbstractByteBuf.java:1147) ~[netty-all-4.1.42.Final.jar:4.1.42.Final]
	at io.netty.channel.socket.nio.NioSocketChannel.doReadBytes(NioSocketChannel.java:347) ~[netty-all-4.1.42.Final.jar:4.1.42.Final]
	at io.netty.channel.nio.AbstractNioByteChannel$NioByteUnsafe.read(AbstractNioByteChannel.java:148) [netty-all-4.1.42.Final.jar:4.1.42.Final]
	at io.netty.channel.nio.NioEventLoop.processSelectedKey(NioEventLoop.java:700) [netty-all-4.1.42.Final.jar:4.1.42.Final]
	at io.netty.channel.nio.NioEventLoop.processSelectedKeysOptimized(NioEventLoop.java:635) [netty-all-4.1.42.Final.jar:4.1.42.Final]
	at io.netty.channel.nio.NioEventLoop.processSelectedKeys(NioEventLoop.java:552) [netty-all-4.1.42.Final.jar:4.1.42.Final]
	at io.netty.channel.nio.NioEventLoop.run(NioEventLoop.java:514) [netty-all-4.1.42.Final.jar:4.1.42.Final]
	at io.netty.util.concurrent.SingleThreadEventExecutor$6.run(SingleThreadEventExecutor.java:1044) [netty-all-4.1.42.Final.jar:4.1.42.Final]
	at io.netty.util.internal.ThreadExecutorMap$2.run(ThreadExecutorMap.java:74) [netty-all-4.1.42.Final.jar:4.1.42.Final]
	at io.netty.util.concurrent.FastThreadLocalRunnable.run(FastThreadLocalRunnable.java:30) [netty-all-4.1.42.Final.jar:4.1.42.Final]
	at java.lang.Thread.run(Thread.java:748) [?:1.8.0_241]
2020-08-24 08:02:51.860 [nioEventLoopGroup-3-3] WARN  io.netty.channel.DefaultChannelPipeline - An exceptionCaught() event was fired, and it reached at the tail of the pipeline. It usually means the last handler in the pipeline did not handle the exception.
java.io.IOException: Удаленный хост принудительно разорвал существующее подключение
	at sun.nio.ch.SocketDispatcher.read0(Native Method) ~[?:1.8.0_241]
	at sun.nio.ch.SocketDispatcher.read(SocketDispatcher.java:43) ~[?:1.8.0_241]
	at sun.nio.ch.IOUtil.readIntoNativeBuffer(IOUtil.java:223) ~[?:1.8.0_241]
	at sun.nio.ch.IOUtil.read(IOUtil.java:192) ~[?:1.8.0_241]
	at sun.nio.ch.SocketChannelImpl.read(SocketChannelImpl.java:380) ~[?:1.8.0_241]
	at io.netty.buffer.PooledByteBuf.setBytes(PooledByteBuf.java:247) ~[netty-all-4.1.42.Final.jar:4.1.42.Final]
	at io.netty.buffer.AbstractByteBuf.writeBytes(AbstractByteBuf.java:1147) ~[netty-all-4.1.42.Final.jar:4.1.42.Final]
	at io.netty.channel.socket.nio.NioSocketChannel.doReadBytes(NioSocketChannel.java:347) ~[netty-all-4.1.42.Final.jar:4.1.42.Final]
	at io.netty.channel.nio.AbstractNioByteChannel$NioByteUnsafe.read(AbstractNioByteChannel.java:148) [netty-all-4.1.42.Final.jar:4.1.42.Final]
	at io.netty.channel.nio.NioEventLoop.processSelectedKey(NioEventLoop.java:700) [netty-all-4.1.42.Final.jar:4.1.42.Final]
	at io.netty.channel.nio.NioEventLoop.processSelectedKeysOptimized(NioEventLoop.java:635) [netty-all-4.1.42.Final.jar:4.1.42.Final]
	at io.netty.channel.nio.NioEventLoop.processSelectedKeys(NioEventLoop.java:552) [netty-all-4.1.42.Final.jar:4.1.42.Final]
	at io.netty.channel.nio.NioEventLoop.run(NioEventLoop.java:514) [netty-all-4.1.42.Final.jar:4.1.42.Final]
	at io.netty.util.concurrent.SingleThreadEventExecutor$6.run(SingleThreadEventExecutor.java:1044) [netty-all-4.1.42.Final.jar:4.1.42.Final]
	at io.netty.util.internal.ThreadExecutorMap$2.run(ThreadExecutorMap.java:74) [netty-all-4.1.42.Final.jar:4.1.42.Final]
	at io.netty.util.concurrent.FastThreadLocalRunnable.run(FastThreadLocalRunnable.java:30) [netty-all-4.1.42.Final.jar:4.1.42.Final]
	at java.lang.Thread.run(Thread.java:748) [?:1.8.0_241]
2020-08-24 08:04:39.289 [nioEventLoopGroup-3-4] WARN  io.netty.channel.DefaultChannelPipeline - An exceptionCaught() event was fired, and it reached at the tail of the pipeline. It usually means the last handler in the pipeline did not handle the exception.
java.io.IOException: Удаленный хост принудительно разорвал существующее подключение
	at sun.nio.ch.SocketDispatcher.read0(Native Method) ~[?:1.8.0_241]
	at sun.nio.ch.SocketDispatcher.read(SocketDispatcher.java:43) ~[?:1.8.0_241]
	at sun.nio.ch.IOUtil.readIntoNativeBuffer(IOUtil.java:223) ~[?:1.8.0_241]
	at sun.nio.ch.IOUtil.read(IOUtil.java:192) ~[?:1.8.0_241]
	at sun.nio.ch.SocketChannelImpl.read(SocketChannelImpl.java:380) ~[?:1.8.0_241]
	at io.netty.buffer.PooledByteBuf.setBytes(PooledByteBuf.java:247) ~[netty-all-4.1.42.Final.jar:4.1.42.Final]
	at io.netty.buffer.AbstractByteBuf.writeBytes(AbstractByteBuf.java:1147) ~[netty-all-4.1.42.Final.jar:4.1.42.Final]
	at io.netty.channel.socket.nio.NioSocketChannel.doReadBytes(NioSocketChannel.java:347) ~[netty-all-4.1.42.Final.jar:4.1.42.Final]
	at io.netty.channel.nio.AbstractNioByteChannel$NioByteUnsafe.read(AbstractNioByteChannel.java:148) [netty-all-4.1.42.Final.jar:4.1.42.Final]
	at io.netty.channel.nio.NioEventLoop.processSelectedKey(NioEventLoop.java:700) [netty-all-4.1.42.Final.jar:4.1.42.Final]
	at io.netty.channel.nio.NioEventLoop.processSelectedKeysOptimized(NioEventLoop.java:635) [netty-all-4.1.42.Final.jar:4.1.42.Final]
	at io.netty.channel.nio.NioEventLoop.processSelectedKeys(NioEventLoop.java:552) [netty-all-4.1.42.Final.jar:4.1.42.Final]
	at io.netty.channel.nio.NioEventLoop.run(NioEventLoop.java:514) [netty-all-4.1.42.Final.jar:4.1.42.Final]
	at io.netty.util.concurrent.SingleThreadEventExecutor$6.run(SingleThreadEventExecutor.java:1044) [netty-all-4.1.42.Final.jar:4.1.42.Final]
	at io.netty.util.internal.ThreadExecutorMap$2.run(ThreadExecutorMap.java:74) [netty-all-4.1.42.Final.jar:4.1.42.Final]
	at io.netty.util.concurrent.FastThreadLocalRunnable.run(FastThreadLocalRunnable.java:30) [netty-all-4.1.42.Final.jar:4.1.42.Final]
	at java.lang.Thread.run(Thread.java:748) [?:1.8.0_241]
2020-08-24 08:05:21.640 [main] DEBUG io.netty.util.internal.logging.InternalLoggerFactory - Using Log4J2 as the default logging framework
2020-08-24 08:05:21.648 [main] DEBUG io.netty.channel.MultithreadEventLoopGroup - -Dio.netty.eventLoopThreads: 32
2020-08-24 08:05:21.667 [main] DEBUG io.netty.util.internal.InternalThreadLocalMap - -Dio.netty.threadLocalMap.stringBuilder.initialSize: 1024
2020-08-24 08:05:21.668 [main] DEBUG io.netty.util.internal.InternalThreadLocalMap - -Dio.netty.threadLocalMap.stringBuilder.maxSize: 4096
2020-08-24 08:05:21.676 [main] DEBUG io.netty.channel.nio.NioEventLoop - -Dio.netty.noKeySetOptimization: false
2020-08-24 08:05:21.677 [main] DEBUG io.netty.channel.nio.NioEventLoop - -Dio.netty.selectorAutoRebuildThreshold: 512
2020-08-24 08:05:21.695 [main] DEBUG io.netty.util.internal.PlatformDependent - Platform: Windows
2020-08-24 08:05:21.697 [main] DEBUG io.netty.util.internal.PlatformDependent0 - -Dio.netty.noUnsafe: false
2020-08-24 08:05:21.697 [main] DEBUG io.netty.util.internal.PlatformDependent0 - Java version: 8
2020-08-24 08:05:21.698 [main] DEBUG io.netty.util.internal.PlatformDependent0 - sun.misc.Unsafe.theUnsafe: available
2020-08-24 08:05:21.699 [main] DEBUG io.netty.util.internal.PlatformDependent0 - sun.misc.Unsafe.copyMemory: available
2020-08-24 08:05:21.699 [main] DEBUG io.netty.util.internal.PlatformDependent0 - java.nio.Buffer.address: available
2020-08-24 08:05:21.700 [main] DEBUG io.netty.util.internal.PlatformDependent0 - direct buffer constructor: available
2020-08-24 08:05:21.701 [main] DEBUG io.netty.util.internal.PlatformDependent0 - java.nio.Bits.unaligned: available, true
2020-08-24 08:05:21.701 [main] DEBUG io.netty.util.internal.PlatformDependent0 - jdk.internal.misc.Unsafe.allocateUninitializedArray(int): unavailable prior to Java9
2020-08-24 08:05:21.701 [main] DEBUG io.netty.util.internal.PlatformDependent0 - java.nio.DirectByteBuffer.<init>(long, int): available
2020-08-24 08:05:21.701 [main] DEBUG io.netty.util.internal.PlatformDependent - sun.misc.Unsafe: available
2020-08-24 08:05:21.702 [main] DEBUG io.netty.util.internal.PlatformDependent - -Dio.netty.tmpdir: C:\Users\Akira\AppData\Local\Temp (java.io.tmpdir)
2020-08-24 08:05:21.702 [main] DEBUG io.netty.util.internal.PlatformDependent - -Dio.netty.bitMode: 64 (sun.arch.data.model)
2020-08-24 08:05:21.704 [main] DEBUG io.netty.util.internal.PlatformDependent - -Dio.netty.maxDirectMemory: 7616856064 bytes
2020-08-24 08:05:21.704 [main] DEBUG io.netty.util.internal.PlatformDependent - -Dio.netty.uninitializedArrayAllocationThreshold: -1
2020-08-24 08:05:21.705 [main] DEBUG io.netty.util.internal.CleanerJava6 - java.nio.ByteBuffer.cleaner(): available
2020-08-24 08:05:21.705 [main] DEBUG io.netty.util.internal.PlatformDependent - -Dio.netty.noPreferDirect: false
2020-08-24 08:05:21.715 [main] DEBUG io.netty.util.internal.PlatformDependent - org.jctools-core.MpscChunkedArrayQueue: available
2020-08-24 08:05:21.957 [main] INFO  com.geekbrains.krilov.serverNetty.AuthService.BaseAuthService - UserData successfully connected
2020-08-24 08:05:21.957 [main] INFO  com.geekbrains.krilov.serverNetty.AuthService.BaseAuthService - Auth service started
2020-08-24 08:05:21.977 [main] DEBUG io.netty.channel.DefaultChannelId - -Dio.netty.processId: 14884 (auto-detected)
2020-08-24 08:05:21.979 [main] DEBUG io.netty.util.NetUtil - -Djava.net.preferIPv4Stack: false
2020-08-24 08:05:21.980 [main] DEBUG io.netty.util.NetUtil - -Djava.net.preferIPv6Addresses: false
2020-08-24 08:05:22.050 [main] DEBUG io.netty.util.NetUtil - Loopback interface: lo (Software Loopback Interface 1, 127.0.0.1)
2020-08-24 08:05:22.051 [main] DEBUG io.netty.util.NetUtil - Failed to get SOMAXCONN from sysctl and file \proc\sys\net\core\somaxconn. Default: 200
2020-08-24 08:05:22.118 [main] DEBUG io.netty.channel.DefaultChannelId - -Dio.netty.machineId: 8c:82:b9:ff:fe:95:0b:42 (auto-detected)
2020-08-24 08:05:22.132 [main] DEBUG io.netty.util.ResourceLeakDetector - -Dio.netty.leakDetection.level: simple
2020-08-24 08:05:22.132 [main] DEBUG io.netty.util.ResourceLeakDetector - -Dio.netty.leakDetection.targetRecords: 4
2020-08-24 08:05:22.161 [main] DEBUG io.netty.buffer.PooledByteBufAllocator - -Dio.netty.allocator.numHeapArenas: 32
2020-08-24 08:05:22.161 [main] DEBUG io.netty.buffer.PooledByteBufAllocator - -Dio.netty.allocator.numDirectArenas: 32
2020-08-24 08:05:22.162 [main] DEBUG io.netty.buffer.PooledByteBufAllocator - -Dio.netty.allocator.pageSize: 8192
2020-08-24 08:05:22.162 [main] DEBUG io.netty.buffer.PooledByteBufAllocator - -Dio.netty.allocator.maxOrder: 11
2020-08-24 08:05:22.162 [main] DEBUG io.netty.buffer.PooledByteBufAllocator - -Dio.netty.allocator.chunkSize: 16777216
2020-08-24 08:05:22.162 [main] DEBUG io.netty.buffer.PooledByteBufAllocator - -Dio.netty.allocator.tinyCacheSize: 512
2020-08-24 08:05:22.162 [main] DEBUG io.netty.buffer.PooledByteBufAllocator - -Dio.netty.allocator.smallCacheSize: 256
2020-08-24 08:05:22.162 [main] DEBUG io.netty.buffer.PooledByteBufAllocator - -Dio.netty.allocator.normalCacheSize: 64
2020-08-24 08:05:22.163 [main] DEBUG io.netty.buffer.PooledByteBufAllocator - -Dio.netty.allocator.maxCachedBufferCapacity: 32768
2020-08-24 08:05:22.163 [main] DEBUG io.netty.buffer.PooledByteBufAllocator - -Dio.netty.allocator.cacheTrimInterval: 8192
2020-08-24 08:05:22.163 [main] DEBUG io.netty.buffer.PooledByteBufAllocator - -Dio.netty.allocator.cacheTrimIntervalMillis: 0
2020-08-24 08:05:22.163 [main] DEBUG io.netty.buffer.PooledByteBufAllocator - -Dio.netty.allocator.useCacheForAllThreads: true
2020-08-24 08:05:22.163 [main] DEBUG io.netty.buffer.PooledByteBufAllocator - -Dio.netty.allocator.maxCachedByteBuffersPerChunk: 1023
2020-08-24 08:05:22.173 [main] DEBUG io.netty.buffer.ByteBufUtil - -Dio.netty.allocator.type: pooled
2020-08-24 08:05:22.174 [main] DEBUG io.netty.buffer.ByteBufUtil - -Dio.netty.threadLocalDirectBufferSize: 0
2020-08-24 08:05:22.174 [main] DEBUG io.netty.buffer.ByteBufUtil - -Dio.netty.maxThreadLocalCharBufferSize: 16384
2020-08-24 08:07:25.786 [nioEventLoopGroup-3-1] DEBUG io.netty.util.Recycler - -Dio.netty.recycler.maxCapacityPerThread: 4096
2020-08-24 08:07:25.786 [nioEventLoopGroup-3-1] DEBUG io.netty.util.Recycler - -Dio.netty.recycler.maxSharedCapacityFactor: 2
2020-08-24 08:07:25.786 [nioEventLoopGroup-3-1] DEBUG io.netty.util.Recycler - -Dio.netty.recycler.linkCapacity: 16
2020-08-24 08:07:25.786 [nioEventLoopGroup-3-1] DEBUG io.netty.util.Recycler - -Dio.netty.recycler.ratio: 8
2020-08-24 08:07:25.796 [nioEventLoopGroup-3-1] DEBUG io.netty.buffer.AbstractByteBuf - -Dio.netty.buffer.checkAccessible: true
2020-08-24 08:07:25.796 [nioEventLoopGroup-3-1] DEBUG io.netty.buffer.AbstractByteBuf - -Dio.netty.buffer.checkBounds: true
2020-08-24 08:07:25.797 [nioEventLoopGroup-3-1] DEBUG io.netty.util.ResourceLeakDetectorFactory - Loaded default ResourceLeakDetector: io.netty.util.ResourceLeakDetector@4401c93e
2020-08-24 08:07:25.802 [nioEventLoopGroup-3-1] WARN  io.netty.channel.DefaultChannelPipeline - An exceptionCaught() event was fired, and it reached at the tail of the pipeline. It usually means the last handler in the pipeline did not handle the exception.
java.io.IOException: Удаленный хост принудительно разорвал существующее подключение
	at sun.nio.ch.SocketDispatcher.read0(Native Method) ~[?:1.8.0_241]
	at sun.nio.ch.SocketDispatcher.read(SocketDispatcher.java:43) ~[?:1.8.0_241]
	at sun.nio.ch.IOUtil.readIntoNativeBuffer(IOUtil.java:223) ~[?:1.8.0_241]
	at sun.nio.ch.IOUtil.read(IOUtil.java:192) ~[?:1.8.0_241]
	at sun.nio.ch.SocketChannelImpl.read(SocketChannelImpl.java:380) ~[?:1.8.0_241]
	at io.netty.buffer.PooledByteBuf.setBytes(PooledByteBuf.java:247) ~[netty-all-4.1.42.Final.jar:4.1.42.Final]
	at io.netty.buffer.AbstractByteBuf.writeBytes(AbstractByteBuf.java:1147) ~[netty-all-4.1.42.Final.jar:4.1.42.Final]
	at io.netty.channel.socket.nio.NioSocketChannel.doReadBytes(NioSocketChannel.java:347) ~[netty-all-4.1.42.Final.jar:4.1.42.Final]
	at io.netty.channel.nio.AbstractNioByteChannel$NioByteUnsafe.read(AbstractNioByteChannel.java:148) [netty-all-4.1.42.Final.jar:4.1.42.Final]
	at io.netty.channel.nio.NioEventLoop.processSelectedKey(NioEventLoop.java:700) [netty-all-4.1.42.Final.jar:4.1.42.Final]
	at io.netty.channel.nio.NioEventLoop.processSelectedKeysOptimized(NioEventLoop.java:635) [netty-all-4.1.42.Final.jar:4.1.42.Final]
	at io.netty.channel.nio.NioEventLoop.processSelectedKeys(NioEventLoop.java:552) [netty-all-4.1.42.Final.jar:4.1.42.Final]
	at io.netty.channel.nio.NioEventLoop.run(NioEventLoop.java:514) [netty-all-4.1.42.Final.jar:4.1.42.Final]
	at io.netty.util.concurrent.SingleThreadEventExecutor$6.run(SingleThreadEventExecutor.java:1044) [netty-all-4.1.42.Final.jar:4.1.42.Final]
	at io.netty.util.internal.ThreadExecutorMap$2.run(ThreadExecutorMap.java:74) [netty-all-4.1.42.Final.jar:4.1.42.Final]
	at io.netty.util.concurrent.FastThreadLocalRunnable.run(FastThreadLocalRunnable.java:30) [netty-all-4.1.42.Final.jar:4.1.42.Final]
	at java.lang.Thread.run(Thread.java:748) [?:1.8.0_241]
2020-08-24 08:07:35.415 [nioEventLoopGroup-3-2] WARN  io.netty.channel.DefaultChannelPipeline - An exceptionCaught() event was fired, and it reached at the tail of the pipeline. It usually means the last handler in the pipeline did not handle the exception.
java.io.IOException: Удаленный хост принудительно разорвал существующее подключение
	at sun.nio.ch.SocketDispatcher.read0(Native Method) ~[?:1.8.0_241]
	at sun.nio.ch.SocketDispatcher.read(SocketDispatcher.java:43) ~[?:1.8.0_241]
	at sun.nio.ch.IOUtil.readIntoNativeBuffer(IOUtil.java:223) ~[?:1.8.0_241]
	at sun.nio.ch.IOUtil.read(IOUtil.java:192) ~[?:1.8.0_241]
	at sun.nio.ch.SocketChannelImpl.read(SocketChannelImpl.java:380) ~[?:1.8.0_241]
	at io.netty.buffer.PooledByteBuf.setBytes(PooledByteBuf.java:247) ~[netty-all-4.1.42.Final.jar:4.1.42.Final]
	at io.netty.buffer.AbstractByteBuf.writeBytes(AbstractByteBuf.java:1147) ~[netty-all-4.1.42.Final.jar:4.1.42.Final]
	at io.netty.channel.socket.nio.NioSocketChannel.doReadBytes(NioSocketChannel.java:347) ~[netty-all-4.1.42.Final.jar:4.1.42.Final]
	at io.netty.channel.nio.AbstractNioByteChannel$NioByteUnsafe.read(AbstractNioByteChannel.java:148) [netty-all-4.1.42.Final.jar:4.1.42.Final]
	at io.netty.channel.nio.NioEventLoop.processSelectedKey(NioEventLoop.java:700) [netty-all-4.1.42.Final.jar:4.1.42.Final]
	at io.netty.channel.nio.NioEventLoop.processSelectedKeysOptimized(NioEventLoop.java:635) [netty-all-4.1.42.Final.jar:4.1.42.Final]
	at io.netty.channel.nio.NioEventLoop.processSelectedKeys(NioEventLoop.java:552) [netty-all-4.1.42.Final.jar:4.1.42.Final]
	at io.netty.channel.nio.NioEventLoop.run(NioEventLoop.java:514) [netty-all-4.1.42.Final.jar:4.1.42.Final]
	at io.netty.util.concurrent.SingleThreadEventExecutor$6.run(SingleThreadEventExecutor.java:1044) [netty-all-4.1.42.Final.jar:4.1.42.Final]
	at io.netty.util.internal.ThreadExecutorMap$2.run(ThreadExecutorMap.java:74) [netty-all-4.1.42.Final.jar:4.1.42.Final]
	at io.netty.util.concurrent.FastThreadLocalRunnable.run(FastThreadLocalRunnable.java:30) [netty-all-4.1.42.Final.jar:4.1.42.Final]
	at java.lang.Thread.run(Thread.java:748) [?:1.8.0_241]
2020-08-24 08:19:26.782 [main] DEBUG io.netty.util.internal.logging.InternalLoggerFactory - Using Log4J2 as the default logging framework
2020-08-24 08:19:26.790 [main] DEBUG io.netty.channel.MultithreadEventLoopGroup - -Dio.netty.eventLoopThreads: 32
2020-08-24 08:19:26.809 [main] DEBUG io.netty.util.internal.InternalThreadLocalMap - -Dio.netty.threadLocalMap.stringBuilder.initialSize: 1024
2020-08-24 08:19:26.809 [main] DEBUG io.netty.util.internal.InternalThreadLocalMap - -Dio.netty.threadLocalMap.stringBuilder.maxSize: 4096
2020-08-24 08:19:26.818 [main] DEBUG io.netty.channel.nio.NioEventLoop - -Dio.netty.noKeySetOptimization: false
2020-08-24 08:19:26.818 [main] DEBUG io.netty.channel.nio.NioEventLoop - -Dio.netty.selectorAutoRebuildThreshold: 512
2020-08-24 08:19:26.836 [main] DEBUG io.netty.util.internal.PlatformDependent - Platform: Windows
2020-08-24 08:19:26.838 [main] DEBUG io.netty.util.internal.PlatformDependent0 - -Dio.netty.noUnsafe: false
2020-08-24 08:19:26.838 [main] DEBUG io.netty.util.internal.PlatformDependent0 - Java version: 8
2020-08-24 08:19:26.840 [main] DEBUG io.netty.util.internal.PlatformDependent0 - sun.misc.Unsafe.theUnsafe: available
2020-08-24 08:19:26.840 [main] DEBUG io.netty.util.internal.PlatformDependent0 - sun.misc.Unsafe.copyMemory: available
2020-08-24 08:19:26.841 [main] DEBUG io.netty.util.internal.PlatformDependent0 - java.nio.Buffer.address: available
2020-08-24 08:19:26.841 [main] DEBUG io.netty.util.internal.PlatformDependent0 - direct buffer constructor: available
2020-08-24 08:19:26.842 [main] DEBUG io.netty.util.internal.PlatformDependent0 - java.nio.Bits.unaligned: available, true
2020-08-24 08:19:26.842 [main] DEBUG io.netty.util.internal.PlatformDependent0 - jdk.internal.misc.Unsafe.allocateUninitializedArray(int): unavailable prior to Java9
2020-08-24 08:19:26.843 [main] DEBUG io.netty.util.internal.PlatformDependent0 - java.nio.DirectByteBuffer.<init>(long, int): available
2020-08-24 08:19:26.843 [main] DEBUG io.netty.util.internal.PlatformDependent - sun.misc.Unsafe: available
2020-08-24 08:19:26.843 [main] DEBUG io.netty.util.internal.PlatformDependent - -Dio.netty.tmpdir: C:\Users\Akira\AppData\Local\Temp (java.io.tmpdir)
2020-08-24 08:19:26.844 [main] DEBUG io.netty.util.internal.PlatformDependent - -Dio.netty.bitMode: 64 (sun.arch.data.model)
2020-08-24 08:19:26.845 [main] DEBUG io.netty.util.internal.PlatformDependent - -Dio.netty.maxDirectMemory: 7616856064 bytes
2020-08-24 08:19:26.845 [main] DEBUG io.netty.util.internal.PlatformDependent - -Dio.netty.uninitializedArrayAllocationThreshold: -1
2020-08-24 08:19:26.846 [main] DEBUG io.netty.util.internal.CleanerJava6 - java.nio.ByteBuffer.cleaner(): available
2020-08-24 08:19:26.846 [main] DEBUG io.netty.util.internal.PlatformDependent - -Dio.netty.noPreferDirect: false
2020-08-24 08:19:26.856 [main] DEBUG io.netty.util.internal.PlatformDependent - org.jctools-core.MpscChunkedArrayQueue: available
2020-08-24 08:19:27.104 [main] INFO  com.geekbrains.krilov.serverNetty.AuthService.BaseAuthService - UserData successfully connected
2020-08-24 08:19:27.105 [main] INFO  com.geekbrains.krilov.serverNetty.AuthService.BaseAuthService - Auth service started
2020-08-24 08:19:27.125 [main] DEBUG io.netty.channel.DefaultChannelId - -Dio.netty.processId: 6188 (auto-detected)
2020-08-24 08:19:27.127 [main] DEBUG io.netty.util.NetUtil - -Djava.net.preferIPv4Stack: false
2020-08-24 08:19:27.127 [main] DEBUG io.netty.util.NetUtil - -Djava.net.preferIPv6Addresses: false
2020-08-24 08:19:27.198 [main] DEBUG io.netty.util.NetUtil - Loopback interface: lo (Software Loopback Interface 1, 127.0.0.1)
2020-08-24 08:19:27.199 [main] DEBUG io.netty.util.NetUtil - Failed to get SOMAXCONN from sysctl and file \proc\sys\net\core\somaxconn. Default: 200
2020-08-24 08:19:27.269 [main] DEBUG io.netty.channel.DefaultChannelId - -Dio.netty.machineId: 8c:82:b9:ff:fe:95:0b:42 (auto-detected)
2020-08-24 08:19:27.283 [main] DEBUG io.netty.util.ResourceLeakDetector - -Dio.netty.leakDetection.level: simple
2020-08-24 08:19:27.283 [main] DEBUG io.netty.util.ResourceLeakDetector - -Dio.netty.leakDetection.targetRecords: 4
2020-08-24 08:19:27.311 [main] DEBUG io.netty.buffer.PooledByteBufAllocator - -Dio.netty.allocator.numHeapArenas: 32
2020-08-24 08:19:27.312 [main] DEBUG io.netty.buffer.PooledByteBufAllocator - -Dio.netty.allocator.numDirectArenas: 32
2020-08-24 08:19:27.312 [main] DEBUG io.netty.buffer.PooledByteBufAllocator - -Dio.netty.allocator.pageSize: 8192
2020-08-24 08:19:27.312 [main] DEBUG io.netty.buffer.PooledByteBufAllocator - -Dio.netty.allocator.maxOrder: 11
2020-08-24 08:19:27.312 [main] DEBUG io.netty.buffer.PooledByteBufAllocator - -Dio.netty.allocator.chunkSize: 16777216
2020-08-24 08:19:27.312 [main] DEBUG io.netty.buffer.PooledByteBufAllocator - -Dio.netty.allocator.tinyCacheSize: 512
2020-08-24 08:19:27.312 [main] DEBUG io.netty.buffer.PooledByteBufAllocator - -Dio.netty.allocator.smallCacheSize: 256
2020-08-24 08:19:27.313 [main] DEBUG io.netty.buffer.PooledByteBufAllocator - -Dio.netty.allocator.normalCacheSize: 64
2020-08-24 08:19:27.313 [main] DEBUG io.netty.buffer.PooledByteBufAllocator - -Dio.netty.allocator.maxCachedBufferCapacity: 32768
2020-08-24 08:19:27.313 [main] DEBUG io.netty.buffer.PooledByteBufAllocator - -Dio.netty.allocator.cacheTrimInterval: 8192
2020-08-24 08:19:27.313 [main] DEBUG io.netty.buffer.PooledByteBufAllocator - -Dio.netty.allocator.cacheTrimIntervalMillis: 0
2020-08-24 08:19:27.313 [main] DEBUG io.netty.buffer.PooledByteBufAllocator - -Dio.netty.allocator.useCacheForAllThreads: true
2020-08-24 08:19:27.314 [main] DEBUG io.netty.buffer.PooledByteBufAllocator - -Dio.netty.allocator.maxCachedByteBuffersPerChunk: 1023
2020-08-24 08:19:27.323 [main] DEBUG io.netty.buffer.ByteBufUtil - -Dio.netty.allocator.type: pooled
2020-08-24 08:19:27.323 [main] DEBUG io.netty.buffer.ByteBufUtil - -Dio.netty.threadLocalDirectBufferSize: 0
2020-08-24 08:19:27.324 [main] DEBUG io.netty.buffer.ByteBufUtil - -Dio.netty.maxThreadLocalCharBufferSize: 16384
2020-08-24 08:19:54.424 [nioEventLoopGroup-3-1] DEBUG io.netty.util.Recycler - -Dio.netty.recycler.maxCapacityPerThread: 4096
2020-08-24 08:19:54.425 [nioEventLoopGroup-3-1] DEBUG io.netty.util.Recycler - -Dio.netty.recycler.maxSharedCapacityFactor: 2
2020-08-24 08:19:54.425 [nioEventLoopGroup-3-1] DEBUG io.netty.util.Recycler - -Dio.netty.recycler.linkCapacity: 16
2020-08-24 08:19:54.425 [nioEventLoopGroup-3-1] DEBUG io.netty.util.Recycler - -Dio.netty.recycler.ratio: 8
2020-08-24 08:19:54.435 [nioEventLoopGroup-3-1] DEBUG io.netty.buffer.AbstractByteBuf - -Dio.netty.buffer.checkAccessible: true
2020-08-24 08:19:54.435 [nioEventLoopGroup-3-1] DEBUG io.netty.buffer.AbstractByteBuf - -Dio.netty.buffer.checkBounds: true
2020-08-24 08:19:54.436 [nioEventLoopGroup-3-1] DEBUG io.netty.util.ResourceLeakDetectorFactory - Loaded default ResourceLeakDetector: io.netty.util.ResourceLeakDetector@14fe65f1
2020-08-24 08:19:54.441 [nioEventLoopGroup-3-1] WARN  io.netty.channel.DefaultChannelPipeline - An exceptionCaught() event was fired, and it reached at the tail of the pipeline. It usually means the last handler in the pipeline did not handle the exception.
java.io.IOException: Удаленный хост принудительно разорвал существующее подключение
	at sun.nio.ch.SocketDispatcher.read0(Native Method) ~[?:1.8.0_241]
	at sun.nio.ch.SocketDispatcher.read(SocketDispatcher.java:43) ~[?:1.8.0_241]
	at sun.nio.ch.IOUtil.readIntoNativeBuffer(IOUtil.java:223) ~[?:1.8.0_241]
	at sun.nio.ch.IOUtil.read(IOUtil.java:192) ~[?:1.8.0_241]
	at sun.nio.ch.SocketChannelImpl.read(SocketChannelImpl.java:380) ~[?:1.8.0_241]
	at io.netty.buffer.PooledByteBuf.setBytes(PooledByteBuf.java:247) ~[netty-all-4.1.42.Final.jar:4.1.42.Final]
	at io.netty.buffer.AbstractByteBuf.writeBytes(AbstractByteBuf.java:1147) ~[netty-all-4.1.42.Final.jar:4.1.42.Final]
	at io.netty.channel.socket.nio.NioSocketChannel.doReadBytes(NioSocketChannel.java:347) ~[netty-all-4.1.42.Final.jar:4.1.42.Final]
	at io.netty.channel.nio.AbstractNioByteChannel$NioByteUnsafe.read(AbstractNioByteChannel.java:148) [netty-all-4.1.42.Final.jar:4.1.42.Final]
	at io.netty.channel.nio.NioEventLoop.processSelectedKey(NioEventLoop.java:700) [netty-all-4.1.42.Final.jar:4.1.42.Final]
	at io.netty.channel.nio.NioEventLoop.processSelectedKeysOptimized(NioEventLoop.java:635) [netty-all-4.1.42.Final.jar:4.1.42.Final]
	at io.netty.channel.nio.NioEventLoop.processSelectedKeys(NioEventLoop.java:552) [netty-all-4.1.42.Final.jar:4.1.42.Final]
	at io.netty.channel.nio.NioEventLoop.run(NioEventLoop.java:514) [netty-all-4.1.42.Final.jar:4.1.42.Final]
	at io.netty.util.concurrent.SingleThreadEventExecutor$6.run(SingleThreadEventExecutor.java:1044) [netty-all-4.1.42.Final.jar:4.1.42.Final]
	at io.netty.util.internal.ThreadExecutorMap$2.run(ThreadExecutorMap.java:74) [netty-all-4.1.42.Final.jar:4.1.42.Final]
	at io.netty.util.concurrent.FastThreadLocalRunnable.run(FastThreadLocalRunnable.java:30) [netty-all-4.1.42.Final.jar:4.1.42.Final]
	at java.lang.Thread.run(Thread.java:748) [?:1.8.0_241]
2020-08-24 08:20:57.155 [main] DEBUG io.netty.util.internal.logging.InternalLoggerFactory - Using Log4J2 as the default logging framework
2020-08-24 08:20:57.163 [main] DEBUG io.netty.channel.MultithreadEventLoopGroup - -Dio.netty.eventLoopThreads: 32
2020-08-24 08:20:57.182 [main] DEBUG io.netty.util.internal.InternalThreadLocalMap - -Dio.netty.threadLocalMap.stringBuilder.initialSize: 1024
2020-08-24 08:20:57.182 [main] DEBUG io.netty.util.internal.InternalThreadLocalMap - -Dio.netty.threadLocalMap.stringBuilder.maxSize: 4096
2020-08-24 08:20:57.191 [main] DEBUG io.netty.channel.nio.NioEventLoop - -Dio.netty.noKeySetOptimization: false
2020-08-24 08:20:57.191 [main] DEBUG io.netty.channel.nio.NioEventLoop - -Dio.netty.selectorAutoRebuildThreshold: 512
2020-08-24 08:20:57.209 [main] DEBUG io.netty.util.internal.PlatformDependent - Platform: Windows
2020-08-24 08:20:57.211 [main] DEBUG io.netty.util.internal.PlatformDependent0 - -Dio.netty.noUnsafe: false
2020-08-24 08:20:57.212 [main] DEBUG io.netty.util.internal.PlatformDependent0 - Java version: 8
2020-08-24 08:20:57.213 [main] DEBUG io.netty.util.internal.PlatformDependent0 - sun.misc.Unsafe.theUnsafe: available
2020-08-24 08:20:57.214 [main] DEBUG io.netty.util.internal.PlatformDependent0 - sun.misc.Unsafe.copyMemory: available
2020-08-24 08:20:57.214 [main] DEBUG io.netty.util.internal.PlatformDependent0 - java.nio.Buffer.address: available
2020-08-24 08:20:57.215 [main] DEBUG io.netty.util.internal.PlatformDependent0 - direct buffer constructor: available
2020-08-24 08:20:57.216 [main] DEBUG io.netty.util.internal.PlatformDependent0 - java.nio.Bits.unaligned: available, true
2020-08-24 08:20:57.216 [main] DEBUG io.netty.util.internal.PlatformDependent0 - jdk.internal.misc.Unsafe.allocateUninitializedArray(int): unavailable prior to Java9
2020-08-24 08:20:57.216 [main] DEBUG io.netty.util.internal.PlatformDependent0 - java.nio.DirectByteBuffer.<init>(long, int): available
2020-08-24 08:20:57.216 [main] DEBUG io.netty.util.internal.PlatformDependent - sun.misc.Unsafe: available
2020-08-24 08:20:57.217 [main] DEBUG io.netty.util.internal.PlatformDependent - -Dio.netty.tmpdir: C:\Users\Akira\AppData\Local\Temp (java.io.tmpdir)
2020-08-24 08:20:57.217 [main] DEBUG io.netty.util.internal.PlatformDependent - -Dio.netty.bitMode: 64 (sun.arch.data.model)
2020-08-24 08:20:57.218 [main] DEBUG io.netty.util.internal.PlatformDependent - -Dio.netty.maxDirectMemory: 7616856064 bytes
2020-08-24 08:20:57.219 [main] DEBUG io.netty.util.internal.PlatformDependent - -Dio.netty.uninitializedArrayAllocationThreshold: -1
2020-08-24 08:20:57.220 [main] DEBUG io.netty.util.internal.CleanerJava6 - java.nio.ByteBuffer.cleaner(): available
2020-08-24 08:20:57.220 [main] DEBUG io.netty.util.internal.PlatformDependent - -Dio.netty.noPreferDirect: false
2020-08-24 08:20:57.229 [main] DEBUG io.netty.util.internal.PlatformDependent - org.jctools-core.MpscChunkedArrayQueue: available
2020-08-24 08:20:57.474 [main] INFO  com.geekbrains.krilov.serverNetty.AuthService.BaseAuthService - UserData successfully connected
2020-08-24 08:20:57.474 [main] INFO  com.geekbrains.krilov.serverNetty.AuthService.BaseAuthService - Auth service started
2020-08-24 08:20:57.494 [main] DEBUG io.netty.channel.DefaultChannelId - -Dio.netty.processId: 2228 (auto-detected)
2020-08-24 08:20:57.497 [main] DEBUG io.netty.util.NetUtil - -Djava.net.preferIPv4Stack: false
2020-08-24 08:20:57.497 [main] DEBUG io.netty.util.NetUtil - -Djava.net.preferIPv6Addresses: false
2020-08-24 08:20:57.568 [main] DEBUG io.netty.util.NetUtil - Loopback interface: lo (Software Loopback Interface 1, 127.0.0.1)
2020-08-24 08:20:57.569 [main] DEBUG io.netty.util.NetUtil - Failed to get SOMAXCONN from sysctl and file \proc\sys\net\core\somaxconn. Default: 200
2020-08-24 08:20:57.636 [main] DEBUG io.netty.channel.DefaultChannelId - -Dio.netty.machineId: 8c:82:b9:ff:fe:95:0b:42 (auto-detected)
2020-08-24 08:20:57.650 [main] DEBUG io.netty.util.ResourceLeakDetector - -Dio.netty.leakDetection.level: simple
2020-08-24 08:20:57.650 [main] DEBUG io.netty.util.ResourceLeakDetector - -Dio.netty.leakDetection.targetRecords: 4
2020-08-24 08:20:57.679 [main] DEBUG io.netty.buffer.PooledByteBufAllocator - -Dio.netty.allocator.numHeapArenas: 32
2020-08-24 08:20:57.679 [main] DEBUG io.netty.buffer.PooledByteBufAllocator - -Dio.netty.allocator.numDirectArenas: 32
2020-08-24 08:20:57.680 [main] DEBUG io.netty.buffer.PooledByteBufAllocator - -Dio.netty.allocator.pageSize: 8192
2020-08-24 08:20:57.680 [main] DEBUG io.netty.buffer.PooledByteBufAllocator - -Dio.netty.allocator.maxOrder: 11
2020-08-24 08:20:57.680 [main] DEBUG io.netty.buffer.PooledByteBufAllocator - -Dio.netty.allocator.chunkSize: 16777216
2020-08-24 08:20:57.680 [main] DEBUG io.netty.buffer.PooledByteBufAllocator - -Dio.netty.allocator.tinyCacheSize: 512
2020-08-24 08:20:57.680 [main] DEBUG io.netty.buffer.PooledByteBufAllocator - -Dio.netty.allocator.smallCacheSize: 256
2020-08-24 08:20:57.680 [main] DEBUG io.netty.buffer.PooledByteBufAllocator - -Dio.netty.allocator.normalCacheSize: 64
2020-08-24 08:20:57.681 [main] DEBUG io.netty.buffer.PooledByteBufAllocator - -Dio.netty.allocator.maxCachedBufferCapacity: 32768
2020-08-24 08:20:57.681 [main] DEBUG io.netty.buffer.PooledByteBufAllocator - -Dio.netty.allocator.cacheTrimInterval: 8192
2020-08-24 08:20:57.681 [main] DEBUG io.netty.buffer.PooledByteBufAllocator - -Dio.netty.allocator.cacheTrimIntervalMillis: 0
2020-08-24 08:20:57.681 [main] DEBUG io.netty.buffer.PooledByteBufAllocator - -Dio.netty.allocator.useCacheForAllThreads: true
2020-08-24 08:20:57.681 [main] DEBUG io.netty.buffer.PooledByteBufAllocator - -Dio.netty.allocator.maxCachedByteBuffersPerChunk: 1023
2020-08-24 08:20:57.691 [main] DEBUG io.netty.buffer.ByteBufUtil - -Dio.netty.allocator.type: pooled
2020-08-24 08:20:57.691 [main] DEBUG io.netty.buffer.ByteBufUtil - -Dio.netty.threadLocalDirectBufferSize: 0
2020-08-24 08:20:57.692 [main] DEBUG io.netty.buffer.ByteBufUtil - -Dio.netty.maxThreadLocalCharBufferSize: 16384
2020-08-24 08:21:04.896 [nioEventLoopGroup-3-1] DEBUG io.netty.util.Recycler - -Dio.netty.recycler.maxCapacityPerThread: 4096
2020-08-24 08:21:04.897 [nioEventLoopGroup-3-1] DEBUG io.netty.util.Recycler - -Dio.netty.recycler.maxSharedCapacityFactor: 2
2020-08-24 08:21:04.897 [nioEventLoopGroup-3-1] DEBUG io.netty.util.Recycler - -Dio.netty.recycler.linkCapacity: 16
2020-08-24 08:21:04.897 [nioEventLoopGroup-3-1] DEBUG io.netty.util.Recycler - -Dio.netty.recycler.ratio: 8
2020-08-24 08:21:04.906 [nioEventLoopGroup-3-1] DEBUG io.netty.buffer.AbstractByteBuf - -Dio.netty.buffer.checkAccessible: true
2020-08-24 08:21:04.907 [nioEventLoopGroup-3-1] DEBUG io.netty.buffer.AbstractByteBuf - -Dio.netty.buffer.checkBounds: true
2020-08-24 08:21:04.908 [nioEventLoopGroup-3-1] DEBUG io.netty.util.ResourceLeakDetectorFactory - Loaded default ResourceLeakDetector: io.netty.util.ResourceLeakDetector@42eec698
2020-08-24 08:25:10.391 [main] DEBUG io.netty.util.internal.logging.InternalLoggerFactory - Using Log4J2 as the default logging framework
2020-08-24 08:25:10.399 [main] DEBUG io.netty.channel.MultithreadEventLoopGroup - -Dio.netty.eventLoopThreads: 32
2020-08-24 08:25:10.418 [main] DEBUG io.netty.util.internal.InternalThreadLocalMap - -Dio.netty.threadLocalMap.stringBuilder.initialSize: 1024
2020-08-24 08:25:10.419 [main] DEBUG io.netty.util.internal.InternalThreadLocalMap - -Dio.netty.threadLocalMap.stringBuilder.maxSize: 4096
2020-08-24 08:25:10.427 [main] DEBUG io.netty.channel.nio.NioEventLoop - -Dio.netty.noKeySetOptimization: false
2020-08-24 08:25:10.427 [main] DEBUG io.netty.channel.nio.NioEventLoop - -Dio.netty.selectorAutoRebuildThreshold: 512
2020-08-24 08:25:10.446 [main] DEBUG io.netty.util.internal.PlatformDependent - Platform: Windows
2020-08-24 08:25:10.448 [main] DEBUG io.netty.util.internal.PlatformDependent0 - -Dio.netty.noUnsafe: false
2020-08-24 08:25:10.448 [main] DEBUG io.netty.util.internal.PlatformDependent0 - Java version: 8
2020-08-24 08:25:10.449 [main] DEBUG io.netty.util.internal.PlatformDependent0 - sun.misc.Unsafe.theUnsafe: available
2020-08-24 08:25:10.450 [main] DEBUG io.netty.util.internal.PlatformDependent0 - sun.misc.Unsafe.copyMemory: available
2020-08-24 08:25:10.450 [main] DEBUG io.netty.util.internal.PlatformDependent0 - java.nio.Buffer.address: available
2020-08-24 08:25:10.451 [main] DEBUG io.netty.util.internal.PlatformDependent0 - direct buffer constructor: available
2020-08-24 08:25:10.452 [main] DEBUG io.netty.util.internal.PlatformDependent0 - java.nio.Bits.unaligned: available, true
2020-08-24 08:25:10.452 [main] DEBUG io.netty.util.internal.PlatformDependent0 - jdk.internal.misc.Unsafe.allocateUninitializedArray(int): unavailable prior to Java9
2020-08-24 08:25:10.452 [main] DEBUG io.netty.util.internal.PlatformDependent0 - java.nio.DirectByteBuffer.<init>(long, int): available
2020-08-24 08:25:10.452 [main] DEBUG io.netty.util.internal.PlatformDependent - sun.misc.Unsafe: available
2020-08-24 08:25:10.453 [main] DEBUG io.netty.util.internal.PlatformDependent - -Dio.netty.tmpdir: C:\Users\Akira\AppData\Local\Temp (java.io.tmpdir)
2020-08-24 08:25:10.453 [main] DEBUG io.netty.util.internal.PlatformDependent - -Dio.netty.bitMode: 64 (sun.arch.data.model)
2020-08-24 08:25:10.454 [main] DEBUG io.netty.util.internal.PlatformDependent - -Dio.netty.maxDirectMemory: 7616856064 bytes
2020-08-24 08:25:10.455 [main] DEBUG io.netty.util.internal.PlatformDependent - -Dio.netty.uninitializedArrayAllocationThreshold: -1
2020-08-24 08:25:10.456 [main] DEBUG io.netty.util.internal.CleanerJava6 - java.nio.ByteBuffer.cleaner(): available
2020-08-24 08:25:10.456 [main] DEBUG io.netty.util.internal.PlatformDependent - -Dio.netty.noPreferDirect: false
2020-08-24 08:25:10.465 [main] DEBUG io.netty.util.internal.PlatformDependent - org.jctools-core.MpscChunkedArrayQueue: available
2020-08-24 08:25:10.716 [main] INFO  com.geekbrains.krilov.serverNetty.AuthService.BaseAuthService - UserData successfully connected
2020-08-24 08:25:10.716 [main] INFO  com.geekbrains.krilov.serverNetty.AuthService.BaseAuthService - Auth service started
2020-08-24 08:25:10.736 [main] DEBUG io.netty.channel.DefaultChannelId - -Dio.netty.processId: 11696 (auto-detected)
2020-08-24 08:25:10.738 [main] DEBUG io.netty.util.NetUtil - -Djava.net.preferIPv4Stack: false
2020-08-24 08:25:10.739 [main] DEBUG io.netty.util.NetUtil - -Djava.net.preferIPv6Addresses: false
2020-08-24 08:25:10.809 [main] DEBUG io.netty.util.NetUtil - Loopback interface: lo (Software Loopback Interface 1, 127.0.0.1)
2020-08-24 08:25:10.810 [main] DEBUG io.netty.util.NetUtil - Failed to get SOMAXCONN from sysctl and file \proc\sys\net\core\somaxconn. Default: 200
2020-08-24 08:25:10.877 [main] DEBUG io.netty.channel.DefaultChannelId - -Dio.netty.machineId: 8c:82:b9:ff:fe:95:0b:42 (auto-detected)
2020-08-24 08:25:10.891 [main] DEBUG io.netty.util.ResourceLeakDetector - -Dio.netty.leakDetection.level: simple
2020-08-24 08:25:10.891 [main] DEBUG io.netty.util.ResourceLeakDetector - -Dio.netty.leakDetection.targetRecords: 4
2020-08-24 08:25:10.921 [main] DEBUG io.netty.buffer.PooledByteBufAllocator - -Dio.netty.allocator.numHeapArenas: 32
2020-08-24 08:25:10.921 [main] DEBUG io.netty.buffer.PooledByteBufAllocator - -Dio.netty.allocator.numDirectArenas: 32
2020-08-24 08:25:10.921 [main] DEBUG io.netty.buffer.PooledByteBufAllocator - -Dio.netty.allocator.pageSize: 8192
2020-08-24 08:25:10.921 [main] DEBUG io.netty.buffer.PooledByteBufAllocator - -Dio.netty.allocator.maxOrder: 11
2020-08-24 08:25:10.921 [main] DEBUG io.netty.buffer.PooledByteBufAllocator - -Dio.netty.allocator.chunkSize: 16777216
2020-08-24 08:25:10.921 [main] DEBUG io.netty.buffer.PooledByteBufAllocator - -Dio.netty.allocator.tinyCacheSize: 512
2020-08-24 08:25:10.922 [main] DEBUG io.netty.buffer.PooledByteBufAllocator - -Dio.netty.allocator.smallCacheSize: 256
2020-08-24 08:25:10.922 [main] DEBUG io.netty.buffer.PooledByteBufAllocator - -Dio.netty.allocator.normalCacheSize: 64
2020-08-24 08:25:10.922 [main] DEBUG io.netty.buffer.PooledByteBufAllocator - -Dio.netty.allocator.maxCachedBufferCapacity: 32768
2020-08-24 08:25:10.922 [main] DEBUG io.netty.buffer.PooledByteBufAllocator - -Dio.netty.allocator.cacheTrimInterval: 8192
2020-08-24 08:25:10.922 [main] DEBUG io.netty.buffer.PooledByteBufAllocator - -Dio.netty.allocator.cacheTrimIntervalMillis: 0
2020-08-24 08:25:10.922 [main] DEBUG io.netty.buffer.PooledByteBufAllocator - -Dio.netty.allocator.useCacheForAllThreads: true
2020-08-24 08:25:10.923 [main] DEBUG io.netty.buffer.PooledByteBufAllocator - -Dio.netty.allocator.maxCachedByteBuffersPerChunk: 1023
2020-08-24 08:25:10.933 [main] DEBUG io.netty.buffer.ByteBufUtil - -Dio.netty.allocator.type: pooled
2020-08-24 08:25:10.933 [main] DEBUG io.netty.buffer.ByteBufUtil - -Dio.netty.threadLocalDirectBufferSize: 0
2020-08-24 08:25:10.933 [main] DEBUG io.netty.buffer.ByteBufUtil - -Dio.netty.maxThreadLocalCharBufferSize: 16384
2020-08-24 08:25:24.080 [nioEventLoopGroup-3-1] DEBUG io.netty.util.Recycler - -Dio.netty.recycler.maxCapacityPerThread: 4096
2020-08-24 08:25:24.080 [nioEventLoopGroup-3-1] DEBUG io.netty.util.Recycler - -Dio.netty.recycler.maxSharedCapacityFactor: 2
2020-08-24 08:25:24.080 [nioEventLoopGroup-3-1] DEBUG io.netty.util.Recycler - -Dio.netty.recycler.linkCapacity: 16
2020-08-24 08:25:24.080 [nioEventLoopGroup-3-1] DEBUG io.netty.util.Recycler - -Dio.netty.recycler.ratio: 8
2020-08-24 08:25:24.090 [nioEventLoopGroup-3-1] DEBUG io.netty.buffer.AbstractByteBuf - -Dio.netty.buffer.checkAccessible: true
2020-08-24 08:25:24.091 [nioEventLoopGroup-3-1] DEBUG io.netty.buffer.AbstractByteBuf - -Dio.netty.buffer.checkBounds: true
2020-08-24 08:25:24.092 [nioEventLoopGroup-3-1] DEBUG io.netty.util.ResourceLeakDetectorFactory - Loaded default ResourceLeakDetector: io.netty.util.ResourceLeakDetector@14fe65f1
2020-08-24 08:34:00.650 [main] DEBUG io.netty.util.internal.logging.InternalLoggerFactory - Using Log4J2 as the default logging framework
2020-08-24 08:34:00.657 [main] DEBUG io.netty.channel.MultithreadEventLoopGroup - -Dio.netty.eventLoopThreads: 32
2020-08-24 08:34:00.676 [main] DEBUG io.netty.util.internal.InternalThreadLocalMap - -Dio.netty.threadLocalMap.stringBuilder.initialSize: 1024
2020-08-24 08:34:00.676 [main] DEBUG io.netty.util.internal.InternalThreadLocalMap - -Dio.netty.threadLocalMap.stringBuilder.maxSize: 4096
2020-08-24 08:34:00.685 [main] DEBUG io.netty.channel.nio.NioEventLoop - -Dio.netty.noKeySetOptimization: false
2020-08-24 08:34:00.685 [main] DEBUG io.netty.channel.nio.NioEventLoop - -Dio.netty.selectorAutoRebuildThreshold: 512
2020-08-24 08:34:00.703 [main] DEBUG io.netty.util.internal.PlatformDependent - Platform: Windows
2020-08-24 08:34:00.705 [main] DEBUG io.netty.util.internal.PlatformDependent0 - -Dio.netty.noUnsafe: false
2020-08-24 08:34:00.705 [main] DEBUG io.netty.util.internal.PlatformDependent0 - Java version: 8
2020-08-24 08:34:00.707 [main] DEBUG io.netty.util.internal.PlatformDependent0 - sun.misc.Unsafe.theUnsafe: available
2020-08-24 08:34:00.707 [main] DEBUG io.netty.util.internal.PlatformDependent0 - sun.misc.Unsafe.copyMemory: available
2020-08-24 08:34:00.708 [main] DEBUG io.netty.util.internal.PlatformDependent0 - java.nio.Buffer.address: available
2020-08-24 08:34:00.709 [main] DEBUG io.netty.util.internal.PlatformDependent0 - direct buffer constructor: available
2020-08-24 08:34:00.709 [main] DEBUG io.netty.util.internal.PlatformDependent0 - java.nio.Bits.unaligned: available, true
2020-08-24 08:34:00.710 [main] DEBUG io.netty.util.internal.PlatformDependent0 - jdk.internal.misc.Unsafe.allocateUninitializedArray(int): unavailable prior to Java9
2020-08-24 08:34:00.710 [main] DEBUG io.netty.util.internal.PlatformDependent0 - java.nio.DirectByteBuffer.<init>(long, int): available
2020-08-24 08:34:00.710 [main] DEBUG io.netty.util.internal.PlatformDependent - sun.misc.Unsafe: available
2020-08-24 08:34:00.711 [main] DEBUG io.netty.util.internal.PlatformDependent - -Dio.netty.tmpdir: C:\Users\Akira\AppData\Local\Temp (java.io.tmpdir)
2020-08-24 08:34:00.711 [main] DEBUG io.netty.util.internal.PlatformDependent - -Dio.netty.bitMode: 64 (sun.arch.data.model)
2020-08-24 08:34:00.712 [main] DEBUG io.netty.util.internal.PlatformDependent - -Dio.netty.maxDirectMemory: 7616856064 bytes
2020-08-24 08:34:00.712 [main] DEBUG io.netty.util.internal.PlatformDependent - -Dio.netty.uninitializedArrayAllocationThreshold: -1
2020-08-24 08:34:00.714 [main] DEBUG io.netty.util.internal.CleanerJava6 - java.nio.ByteBuffer.cleaner(): available
2020-08-24 08:34:00.714 [main] DEBUG io.netty.util.internal.PlatformDependent - -Dio.netty.noPreferDirect: false
2020-08-24 08:34:00.723 [main] DEBUG io.netty.util.internal.PlatformDependent - org.jctools-core.MpscChunkedArrayQueue: available
2020-08-24 08:34:00.971 [main] INFO  com.geekbrains.krilov.serverNetty.AuthService.BaseAuthService - UserData successfully connected
2020-08-24 08:34:00.971 [main] INFO  com.geekbrains.krilov.serverNetty.AuthService.BaseAuthService - Auth service started
2020-08-24 08:34:00.992 [main] DEBUG io.netty.channel.DefaultChannelId - -Dio.netty.processId: 9352 (auto-detected)
2020-08-24 08:34:00.994 [main] DEBUG io.netty.util.NetUtil - -Djava.net.preferIPv4Stack: false
2020-08-24 08:34:00.994 [main] DEBUG io.netty.util.NetUtil - -Djava.net.preferIPv6Addresses: false
2020-08-24 08:34:01.068 [main] DEBUG io.netty.util.NetUtil - Loopback interface: lo (Software Loopback Interface 1, 127.0.0.1)
2020-08-24 08:34:01.068 [main] DEBUG io.netty.util.NetUtil - Failed to get SOMAXCONN from sysctl and file \proc\sys\net\core\somaxconn. Default: 200
2020-08-24 08:34:01.138 [main] DEBUG io.netty.channel.DefaultChannelId - -Dio.netty.machineId: 8c:82:b9:ff:fe:95:0b:42 (auto-detected)
2020-08-24 08:34:01.152 [main] DEBUG io.netty.util.ResourceLeakDetector - -Dio.netty.leakDetection.level: simple
2020-08-24 08:34:01.153 [main] DEBUG io.netty.util.ResourceLeakDetector - -Dio.netty.leakDetection.targetRecords: 4
2020-08-24 08:34:01.181 [main] DEBUG io.netty.buffer.PooledByteBufAllocator - -Dio.netty.allocator.numHeapArenas: 32
2020-08-24 08:34:01.181 [main] DEBUG io.netty.buffer.PooledByteBufAllocator - -Dio.netty.allocator.numDirectArenas: 32
2020-08-24 08:34:01.182 [main] DEBUG io.netty.buffer.PooledByteBufAllocator - -Dio.netty.allocator.pageSize: 8192
2020-08-24 08:34:01.182 [main] DEBUG io.netty.buffer.PooledByteBufAllocator - -Dio.netty.allocator.maxOrder: 11
2020-08-24 08:34:01.182 [main] DEBUG io.netty.buffer.PooledByteBufAllocator - -Dio.netty.allocator.chunkSize: 16777216
2020-08-24 08:34:01.182 [main] DEBUG io.netty.buffer.PooledByteBufAllocator - -Dio.netty.allocator.tinyCacheSize: 512
2020-08-24 08:34:01.182 [main] DEBUG io.netty.buffer.PooledByteBufAllocator - -Dio.netty.allocator.smallCacheSize: 256
2020-08-24 08:34:01.182 [main] DEBUG io.netty.buffer.PooledByteBufAllocator - -Dio.netty.allocator.normalCacheSize: 64
2020-08-24 08:34:01.182 [main] DEBUG io.netty.buffer.PooledByteBufAllocator - -Dio.netty.allocator.maxCachedBufferCapacity: 32768
2020-08-24 08:34:01.183 [main] DEBUG io.netty.buffer.PooledByteBufAllocator - -Dio.netty.allocator.cacheTrimInterval: 8192
2020-08-24 08:34:01.183 [main] DEBUG io.netty.buffer.PooledByteBufAllocator - -Dio.netty.allocator.cacheTrimIntervalMillis: 0
2020-08-24 08:34:01.183 [main] DEBUG io.netty.buffer.PooledByteBufAllocator - -Dio.netty.allocator.useCacheForAllThreads: true
2020-08-24 08:34:01.183 [main] DEBUG io.netty.buffer.PooledByteBufAllocator - -Dio.netty.allocator.maxCachedByteBuffersPerChunk: 1023
2020-08-24 08:34:01.193 [main] DEBUG io.netty.buffer.ByteBufUtil - -Dio.netty.allocator.type: pooled
2020-08-24 08:34:01.193 [main] DEBUG io.netty.buffer.ByteBufUtil - -Dio.netty.threadLocalDirectBufferSize: 0
2020-08-24 08:34:01.193 [main] DEBUG io.netty.buffer.ByteBufUtil - -Dio.netty.maxThreadLocalCharBufferSize: 16384
2020-08-24 08:34:11.026 [nioEventLoopGroup-3-1] DEBUG io.netty.util.Recycler - -Dio.netty.recycler.maxCapacityPerThread: 4096
2020-08-24 08:34:11.027 [nioEventLoopGroup-3-1] DEBUG io.netty.util.Recycler - -Dio.netty.recycler.maxSharedCapacityFactor: 2
2020-08-24 08:34:11.027 [nioEventLoopGroup-3-1] DEBUG io.netty.util.Recycler - -Dio.netty.recycler.linkCapacity: 16
2020-08-24 08:34:11.027 [nioEventLoopGroup-3-1] DEBUG io.netty.util.Recycler - -Dio.netty.recycler.ratio: 8
2020-08-24 08:34:11.036 [nioEventLoopGroup-3-1] DEBUG io.netty.buffer.AbstractByteBuf - -Dio.netty.buffer.checkAccessible: true
2020-08-24 08:34:11.036 [nioEventLoopGroup-3-1] DEBUG io.netty.buffer.AbstractByteBuf - -Dio.netty.buffer.checkBounds: true
2020-08-24 08:34:11.038 [nioEventLoopGroup-3-1] DEBUG io.netty.util.ResourceLeakDetectorFactory - Loaded default ResourceLeakDetector: io.netty.util.ResourceLeakDetector@42eec698
2020-08-24 08:59:23.916 [main] DEBUG io.netty.util.internal.logging.InternalLoggerFactory - Using Log4J2 as the default logging framework
2020-08-24 08:59:23.924 [main] DEBUG io.netty.channel.MultithreadEventLoopGroup - -Dio.netty.eventLoopThreads: 32
2020-08-24 08:59:23.946 [main] DEBUG io.netty.util.internal.InternalThreadLocalMap - -Dio.netty.threadLocalMap.stringBuilder.initialSize: 1024
2020-08-24 08:59:23.946 [main] DEBUG io.netty.util.internal.InternalThreadLocalMap - -Dio.netty.threadLocalMap.stringBuilder.maxSize: 4096
2020-08-24 08:59:23.955 [main] DEBUG io.netty.channel.nio.NioEventLoop - -Dio.netty.noKeySetOptimization: false
2020-08-24 08:59:23.955 [main] DEBUG io.netty.channel.nio.NioEventLoop - -Dio.netty.selectorAutoRebuildThreshold: 512
2020-08-24 08:59:23.973 [main] DEBUG io.netty.util.internal.PlatformDependent - Platform: Windows
2020-08-24 08:59:23.975 [main] DEBUG io.netty.util.internal.PlatformDependent0 - -Dio.netty.noUnsafe: false
2020-08-24 08:59:23.976 [main] DEBUG io.netty.util.internal.PlatformDependent0 - Java version: 8
2020-08-24 08:59:23.977 [main] DEBUG io.netty.util.internal.PlatformDependent0 - sun.misc.Unsafe.theUnsafe: available
2020-08-24 08:59:23.977 [main] DEBUG io.netty.util.internal.PlatformDependent0 - sun.misc.Unsafe.copyMemory: available
2020-08-24 08:59:23.978 [main] DEBUG io.netty.util.internal.PlatformDependent0 - java.nio.Buffer.address: available
2020-08-24 08:59:23.979 [main] DEBUG io.netty.util.internal.PlatformDependent0 - direct buffer constructor: available
2020-08-24 08:59:23.980 [main] DEBUG io.netty.util.internal.PlatformDependent0 - java.nio.Bits.unaligned: available, true
2020-08-24 08:59:23.980 [main] DEBUG io.netty.util.internal.PlatformDependent0 - jdk.internal.misc.Unsafe.allocateUninitializedArray(int): unavailable prior to Java9
2020-08-24 08:59:23.980 [main] DEBUG io.netty.util.internal.PlatformDependent0 - java.nio.DirectByteBuffer.<init>(long, int): available
2020-08-24 08:59:23.980 [main] DEBUG io.netty.util.internal.PlatformDependent - sun.misc.Unsafe: available
2020-08-24 08:59:23.981 [main] DEBUG io.netty.util.internal.PlatformDependent - -Dio.netty.tmpdir: C:\Users\Akira\AppData\Local\Temp (java.io.tmpdir)
2020-08-24 08:59:23.981 [main] DEBUG io.netty.util.internal.PlatformDependent - -Dio.netty.bitMode: 64 (sun.arch.data.model)
2020-08-24 08:59:23.983 [main] DEBUG io.netty.util.internal.PlatformDependent - -Dio.netty.maxDirectMemory: 7616856064 bytes
2020-08-24 08:59:23.983 [main] DEBUG io.netty.util.internal.PlatformDependent - -Dio.netty.uninitializedArrayAllocationThreshold: -1
2020-08-24 08:59:23.984 [main] DEBUG io.netty.util.internal.CleanerJava6 - java.nio.ByteBuffer.cleaner(): available
2020-08-24 08:59:23.985 [main] DEBUG io.netty.util.internal.PlatformDependent - -Dio.netty.noPreferDirect: false
2020-08-24 08:59:23.994 [main] DEBUG io.netty.util.internal.PlatformDependent - org.jctools-core.MpscChunkedArrayQueue: available
2020-08-24 08:59:24.239 [main] INFO  com.geekbrains.krilov.serverNetty.AuthService.BaseAuthService - UserData successfully connected
2020-08-24 08:59:24.239 [main] INFO  com.geekbrains.krilov.serverNetty.AuthService.BaseAuthService - Auth service started
2020-08-24 08:59:24.259 [main] DEBUG io.netty.channel.DefaultChannelId - -Dio.netty.processId: 6456 (auto-detected)
2020-08-24 08:59:24.261 [main] DEBUG io.netty.util.NetUtil - -Djava.net.preferIPv4Stack: false
2020-08-24 08:59:24.262 [main] DEBUG io.netty.util.NetUtil - -Djava.net.preferIPv6Addresses: false
2020-08-24 08:59:24.331 [main] DEBUG io.netty.util.NetUtil - Loopback interface: lo (Software Loopback Interface 1, 127.0.0.1)
2020-08-24 08:59:24.332 [main] DEBUG io.netty.util.NetUtil - Failed to get SOMAXCONN from sysctl and file \proc\sys\net\core\somaxconn. Default: 200
2020-08-24 08:59:24.401 [main] DEBUG io.netty.channel.DefaultChannelId - -Dio.netty.machineId: 8c:82:b9:ff:fe:95:0b:42 (auto-detected)
2020-08-24 08:59:24.415 [main] DEBUG io.netty.util.ResourceLeakDetector - -Dio.netty.leakDetection.level: simple
2020-08-24 08:59:24.415 [main] DEBUG io.netty.util.ResourceLeakDetector - -Dio.netty.leakDetection.targetRecords: 4
2020-08-24 08:59:24.444 [main] DEBUG io.netty.buffer.PooledByteBufAllocator - -Dio.netty.allocator.numHeapArenas: 32
2020-08-24 08:59:24.444 [main] DEBUG io.netty.buffer.PooledByteBufAllocator - -Dio.netty.allocator.numDirectArenas: 32
2020-08-24 08:59:24.445 [main] DEBUG io.netty.buffer.PooledByteBufAllocator - -Dio.netty.allocator.pageSize: 8192
2020-08-24 08:59:24.445 [main] DEBUG io.netty.buffer.PooledByteBufAllocator - -Dio.netty.allocator.maxOrder: 11
2020-08-24 08:59:24.445 [main] DEBUG io.netty.buffer.PooledByteBufAllocator - -Dio.netty.allocator.chunkSize: 16777216
2020-08-24 08:59:24.445 [main] DEBUG io.netty.buffer.PooledByteBufAllocator - -Dio.netty.allocator.tinyCacheSize: 512
2020-08-24 08:59:24.445 [main] DEBUG io.netty.buffer.PooledByteBufAllocator - -Dio.netty.allocator.smallCacheSize: 256
2020-08-24 08:59:24.445 [main] DEBUG io.netty.buffer.PooledByteBufAllocator - -Dio.netty.allocator.normalCacheSize: 64
2020-08-24 08:59:24.446 [main] DEBUG io.netty.buffer.PooledByteBufAllocator - -Dio.netty.allocator.maxCachedBufferCapacity: 32768
2020-08-24 08:59:24.446 [main] DEBUG io.netty.buffer.PooledByteBufAllocator - -Dio.netty.allocator.cacheTrimInterval: 8192
2020-08-24 08:59:24.446 [main] DEBUG io.netty.buffer.PooledByteBufAllocator - -Dio.netty.allocator.cacheTrimIntervalMillis: 0
2020-08-24 08:59:24.446 [main] DEBUG io.netty.buffer.PooledByteBufAllocator - -Dio.netty.allocator.useCacheForAllThreads: true
2020-08-24 08:59:24.446 [main] DEBUG io.netty.buffer.PooledByteBufAllocator - -Dio.netty.allocator.maxCachedByteBuffersPerChunk: 1023
2020-08-24 08:59:24.456 [main] DEBUG io.netty.buffer.ByteBufUtil - -Dio.netty.allocator.type: pooled
2020-08-24 08:59:24.456 [main] DEBUG io.netty.buffer.ByteBufUtil - -Dio.netty.threadLocalDirectBufferSize: 0
2020-08-24 08:59:24.457 [main] DEBUG io.netty.buffer.ByteBufUtil - -Dio.netty.maxThreadLocalCharBufferSize: 16384
2020-08-24 09:05:12.197 [main] DEBUG io.netty.util.internal.logging.InternalLoggerFactory - Using Log4J2 as the default logging framework
2020-08-24 09:05:12.204 [main] DEBUG io.netty.channel.MultithreadEventLoopGroup - -Dio.netty.eventLoopThreads: 32
2020-08-24 09:05:12.224 [main] DEBUG io.netty.util.internal.InternalThreadLocalMap - -Dio.netty.threadLocalMap.stringBuilder.initialSize: 1024
2020-08-24 09:05:12.224 [main] DEBUG io.netty.util.internal.InternalThreadLocalMap - -Dio.netty.threadLocalMap.stringBuilder.maxSize: 4096
2020-08-24 09:05:12.233 [main] DEBUG io.netty.channel.nio.NioEventLoop - -Dio.netty.noKeySetOptimization: false
2020-08-24 09:05:12.233 [main] DEBUG io.netty.channel.nio.NioEventLoop - -Dio.netty.selectorAutoRebuildThreshold: 512
2020-08-24 09:05:12.251 [main] DEBUG io.netty.util.internal.PlatformDependent - Platform: Windows
2020-08-24 09:05:12.253 [main] DEBUG io.netty.util.internal.PlatformDependent0 - -Dio.netty.noUnsafe: false
2020-08-24 09:05:12.254 [main] DEBUG io.netty.util.internal.PlatformDependent0 - Java version: 8
2020-08-24 09:05:12.255 [main] DEBUG io.netty.util.internal.PlatformDependent0 - sun.misc.Unsafe.theUnsafe: available
2020-08-24 09:05:12.256 [main] DEBUG io.netty.util.internal.PlatformDependent0 - sun.misc.Unsafe.copyMemory: available
2020-08-24 09:05:12.256 [main] DEBUG io.netty.util.internal.PlatformDependent0 - java.nio.Buffer.address: available
2020-08-24 09:05:12.257 [main] DEBUG io.netty.util.internal.PlatformDependent0 - direct buffer constructor: available
2020-08-24 09:05:12.258 [main] DEBUG io.netty.util.internal.PlatformDependent0 - java.nio.Bits.unaligned: available, true
2020-08-24 09:05:12.258 [main] DEBUG io.netty.util.internal.PlatformDependent0 - jdk.internal.misc.Unsafe.allocateUninitializedArray(int): unavailable prior to Java9
2020-08-24 09:05:12.258 [main] DEBUG io.netty.util.internal.PlatformDependent0 - java.nio.DirectByteBuffer.<init>(long, int): available
2020-08-24 09:05:12.258 [main] DEBUG io.netty.util.internal.PlatformDependent - sun.misc.Unsafe: available
2020-08-24 09:05:12.259 [main] DEBUG io.netty.util.internal.PlatformDependent - -Dio.netty.tmpdir: C:\Users\Akira\AppData\Local\Temp (java.io.tmpdir)
2020-08-24 09:05:12.259 [main] DEBUG io.netty.util.internal.PlatformDependent - -Dio.netty.bitMode: 64 (sun.arch.data.model)
2020-08-24 09:05:12.261 [main] DEBUG io.netty.util.internal.PlatformDependent - -Dio.netty.maxDirectMemory: 7616856064 bytes
2020-08-24 09:05:12.261 [main] DEBUG io.netty.util.internal.PlatformDependent - -Dio.netty.uninitializedArrayAllocationThreshold: -1
2020-08-24 09:05:12.262 [main] DEBUG io.netty.util.internal.CleanerJava6 - java.nio.ByteBuffer.cleaner(): available
2020-08-24 09:05:12.262 [main] DEBUG io.netty.util.internal.PlatformDependent - -Dio.netty.noPreferDirect: false
2020-08-24 09:05:12.271 [main] DEBUG io.netty.util.internal.PlatformDependent - org.jctools-core.MpscChunkedArrayQueue: available
2020-08-24 09:05:12.521 [main] INFO  com.geekbrains.krilov.serverNetty.AuthService.BaseAuthService - UserData successfully connected
2020-08-24 09:05:12.521 [main] INFO  com.geekbrains.krilov.serverNetty.AuthService.BaseAuthService - Auth service started
2020-08-24 09:05:12.541 [main] DEBUG io.netty.channel.DefaultChannelId - -Dio.netty.processId: 7376 (auto-detected)
2020-08-24 09:05:12.543 [main] DEBUG io.netty.util.NetUtil - -Djava.net.preferIPv4Stack: false
2020-08-24 09:05:12.543 [main] DEBUG io.netty.util.NetUtil - -Djava.net.preferIPv6Addresses: false
2020-08-24 09:05:12.614 [main] DEBUG io.netty.util.NetUtil - Loopback interface: lo (Software Loopback Interface 1, 127.0.0.1)
2020-08-24 09:05:12.615 [main] DEBUG io.netty.util.NetUtil - Failed to get SOMAXCONN from sysctl and file \proc\sys\net\core\somaxconn. Default: 200
2020-08-24 09:05:12.684 [main] DEBUG io.netty.channel.DefaultChannelId - -Dio.netty.machineId: 8c:82:b9:ff:fe:95:0b:42 (auto-detected)
2020-08-24 09:05:12.698 [main] DEBUG io.netty.util.ResourceLeakDetector - -Dio.netty.leakDetection.level: simple
2020-08-24 09:05:12.698 [main] DEBUG io.netty.util.ResourceLeakDetector - -Dio.netty.leakDetection.targetRecords: 4
2020-08-24 09:05:12.727 [main] DEBUG io.netty.buffer.PooledByteBufAllocator - -Dio.netty.allocator.numHeapArenas: 32
2020-08-24 09:05:12.727 [main] DEBUG io.netty.buffer.PooledByteBufAllocator - -Dio.netty.allocator.numDirectArenas: 32
2020-08-24 09:05:12.727 [main] DEBUG io.netty.buffer.PooledByteBufAllocator - -Dio.netty.allocator.pageSize: 8192
2020-08-24 09:05:12.727 [main] DEBUG io.netty.buffer.PooledByteBufAllocator - -Dio.netty.allocator.maxOrder: 11
2020-08-24 09:05:12.727 [main] DEBUG io.netty.buffer.PooledByteBufAllocator - -Dio.netty.allocator.chunkSize: 16777216
2020-08-24 09:05:12.727 [main] DEBUG io.netty.buffer.PooledByteBufAllocator - -Dio.netty.allocator.tinyCacheSize: 512
2020-08-24 09:05:12.727 [main] DEBUG io.netty.buffer.PooledByteBufAllocator - -Dio.netty.allocator.smallCacheSize: 256
2020-08-24 09:05:12.728 [main] DEBUG io.netty.buffer.PooledByteBufAllocator - -Dio.netty.allocator.normalCacheSize: 64
2020-08-24 09:05:12.728 [main] DEBUG io.netty.buffer.PooledByteBufAllocator - -Dio.netty.allocator.maxCachedBufferCapacity: 32768
2020-08-24 09:05:12.728 [main] DEBUG io.netty.buffer.PooledByteBufAllocator - -Dio.netty.allocator.cacheTrimInterval: 8192
2020-08-24 09:05:12.728 [main] DEBUG io.netty.buffer.PooledByteBufAllocator - -Dio.netty.allocator.cacheTrimIntervalMillis: 0
2020-08-24 09:05:12.728 [main] DEBUG io.netty.buffer.PooledByteBufAllocator - -Dio.netty.allocator.useCacheForAllThreads: true
2020-08-24 09:05:12.728 [main] DEBUG io.netty.buffer.PooledByteBufAllocator - -Dio.netty.allocator.maxCachedByteBuffersPerChunk: 1023
2020-08-24 09:05:12.738 [main] DEBUG io.netty.buffer.ByteBufUtil - -Dio.netty.allocator.type: pooled
2020-08-24 09:05:12.738 [main] DEBUG io.netty.buffer.ByteBufUtil - -Dio.netty.threadLocalDirectBufferSize: 0
2020-08-24 09:05:12.738 [main] DEBUG io.netty.buffer.ByteBufUtil - -Dio.netty.maxThreadLocalCharBufferSize: 16384
2020-08-24 09:08:17.024 [main] DEBUG io.netty.util.internal.logging.InternalLoggerFactory - Using Log4J2 as the default logging framework
2020-08-24 09:08:17.032 [main] DEBUG io.netty.channel.MultithreadEventLoopGroup - -Dio.netty.eventLoopThreads: 32
2020-08-24 09:08:17.052 [main] DEBUG io.netty.util.internal.InternalThreadLocalMap - -Dio.netty.threadLocalMap.stringBuilder.initialSize: 1024
2020-08-24 09:08:17.052 [main] DEBUG io.netty.util.internal.InternalThreadLocalMap - -Dio.netty.threadLocalMap.stringBuilder.maxSize: 4096
2020-08-24 09:08:17.066 [main] DEBUG io.netty.channel.nio.NioEventLoop - -Dio.netty.noKeySetOptimization: false
2020-08-24 09:08:17.067 [main] DEBUG io.netty.channel.nio.NioEventLoop - -Dio.netty.selectorAutoRebuildThreshold: 512
2020-08-24 09:08:17.087 [main] DEBUG io.netty.util.internal.PlatformDependent - Platform: Windows
2020-08-24 09:08:17.089 [main] DEBUG io.netty.util.internal.PlatformDependent0 - -Dio.netty.noUnsafe: false
2020-08-24 09:08:17.089 [main] DEBUG io.netty.util.internal.PlatformDependent0 - Java version: 8
2020-08-24 09:08:17.090 [main] DEBUG io.netty.util.internal.PlatformDependent0 - sun.misc.Unsafe.theUnsafe: available
2020-08-24 09:08:17.091 [main] DEBUG io.netty.util.internal.PlatformDependent0 - sun.misc.Unsafe.copyMemory: available
2020-08-24 09:08:17.092 [main] DEBUG io.netty.util.internal.PlatformDependent0 - java.nio.Buffer.address: available
2020-08-24 09:08:17.093 [main] DEBUG io.netty.util.internal.PlatformDependent0 - direct buffer constructor: available
2020-08-24 09:08:17.093 [main] DEBUG io.netty.util.internal.PlatformDependent0 - java.nio.Bits.unaligned: available, true
2020-08-24 09:08:17.094 [main] DEBUG io.netty.util.internal.PlatformDependent0 - jdk.internal.misc.Unsafe.allocateUninitializedArray(int): unavailable prior to Java9
2020-08-24 09:08:17.094 [main] DEBUG io.netty.util.internal.PlatformDependent0 - java.nio.DirectByteBuffer.<init>(long, int): available
2020-08-24 09:08:17.094 [main] DEBUG io.netty.util.internal.PlatformDependent - sun.misc.Unsafe: available
2020-08-24 09:08:17.095 [main] DEBUG io.netty.util.internal.PlatformDependent - -Dio.netty.tmpdir: C:\Users\Akira\AppData\Local\Temp (java.io.tmpdir)
2020-08-24 09:08:17.095 [main] DEBUG io.netty.util.internal.PlatformDependent - -Dio.netty.bitMode: 64 (sun.arch.data.model)
2020-08-24 09:08:17.096 [main] DEBUG io.netty.util.internal.PlatformDependent - -Dio.netty.maxDirectMemory: 7616856064 bytes
2020-08-24 09:08:17.097 [main] DEBUG io.netty.util.internal.PlatformDependent - -Dio.netty.uninitializedArrayAllocationThreshold: -1
2020-08-24 09:08:17.098 [main] DEBUG io.netty.util.internal.CleanerJava6 - java.nio.ByteBuffer.cleaner(): available
2020-08-24 09:08:17.098 [main] DEBUG io.netty.util.internal.PlatformDependent - -Dio.netty.noPreferDirect: false
2020-08-24 09:08:17.108 [main] DEBUG io.netty.util.internal.PlatformDependent - org.jctools-core.MpscChunkedArrayQueue: available
2020-08-24 09:08:17.355 [main] INFO  com.geekbrains.krilov.serverNetty.AuthService.BaseAuthService - UserData successfully connected
2020-08-24 09:08:17.355 [main] INFO  com.geekbrains.krilov.serverNetty.AuthService.BaseAuthService - Auth service started
2020-08-24 09:08:17.375 [main] DEBUG io.netty.channel.DefaultChannelId - -Dio.netty.processId: 16484 (auto-detected)
2020-08-24 09:08:17.378 [main] DEBUG io.netty.util.NetUtil - -Djava.net.preferIPv4Stack: false
2020-08-24 09:08:17.378 [main] DEBUG io.netty.util.NetUtil - -Djava.net.preferIPv6Addresses: false
2020-08-24 09:08:17.448 [main] DEBUG io.netty.util.NetUtil - Loopback interface: lo (Software Loopback Interface 1, 127.0.0.1)
2020-08-24 09:08:17.449 [main] DEBUG io.netty.util.NetUtil - Failed to get SOMAXCONN from sysctl and file \proc\sys\net\core\somaxconn. Default: 200
2020-08-24 09:08:17.519 [main] DEBUG io.netty.channel.DefaultChannelId - -Dio.netty.machineId: 8c:82:b9:ff:fe:95:0b:42 (auto-detected)
2020-08-24 09:08:17.532 [main] DEBUG io.netty.util.ResourceLeakDetector - -Dio.netty.leakDetection.level: simple
2020-08-24 09:08:17.533 [main] DEBUG io.netty.util.ResourceLeakDetector - -Dio.netty.leakDetection.targetRecords: 4
2020-08-24 09:08:17.561 [main] DEBUG io.netty.buffer.PooledByteBufAllocator - -Dio.netty.allocator.numHeapArenas: 32
2020-08-24 09:08:17.562 [main] DEBUG io.netty.buffer.PooledByteBufAllocator - -Dio.netty.allocator.numDirectArenas: 32
2020-08-24 09:08:17.562 [main] DEBUG io.netty.buffer.PooledByteBufAllocator - -Dio.netty.allocator.pageSize: 8192
2020-08-24 09:08:17.562 [main] DEBUG io.netty.buffer.PooledByteBufAllocator - -Dio.netty.allocator.maxOrder: 11
2020-08-24 09:08:17.562 [main] DEBUG io.netty.buffer.PooledByteBufAllocator - -Dio.netty.allocator.chunkSize: 16777216
2020-08-24 09:08:17.562 [main] DEBUG io.netty.buffer.PooledByteBufAllocator - -Dio.netty.allocator.tinyCacheSize: 512
2020-08-24 09:08:17.562 [main] DEBUG io.netty.buffer.PooledByteBufAllocator - -Dio.netty.allocator.smallCacheSize: 256
2020-08-24 09:08:17.562 [main] DEBUG io.netty.buffer.PooledByteBufAllocator - -Dio.netty.allocator.normalCacheSize: 64
2020-08-24 09:08:17.563 [main] DEBUG io.netty.buffer.PooledByteBufAllocator - -Dio.netty.allocator.maxCachedBufferCapacity: 32768
2020-08-24 09:08:17.563 [main] DEBUG io.netty.buffer.PooledByteBufAllocator - -Dio.netty.allocator.cacheTrimInterval: 8192
2020-08-24 09:08:17.563 [main] DEBUG io.netty.buffer.PooledByteBufAllocator - -Dio.netty.allocator.cacheTrimIntervalMillis: 0
2020-08-24 09:08:17.563 [main] DEBUG io.netty.buffer.PooledByteBufAllocator - -Dio.netty.allocator.useCacheForAllThreads: true
2020-08-24 09:08:17.563 [main] DEBUG io.netty.buffer.PooledByteBufAllocator - -Dio.netty.allocator.maxCachedByteBuffersPerChunk: 1023
2020-08-24 09:08:17.573 [main] DEBUG io.netty.buffer.ByteBufUtil - -Dio.netty.allocator.type: pooled
2020-08-24 09:08:17.573 [main] DEBUG io.netty.buffer.ByteBufUtil - -Dio.netty.threadLocalDirectBufferSize: 0
2020-08-24 09:08:17.573 [main] DEBUG io.netty.buffer.ByteBufUtil - -Dio.netty.maxThreadLocalCharBufferSize: 16384
